<?xml version="1.0" encoding="UTF-8"?>
<!-- Generated by org.testng.reporters.JUnitReportReporter -->
<testsuite hostname="MohamadBader" failures="0" tests="10" name="myTest" time="3.653" errors="0" timestamp="2025-04-19T16:35:21 EET" skipped="6">
  <testcase classname="myTest" name="login" time="0.368"/>
  <testcase classname="myTest" name="AddAllItems" time="2.507"/>
  <testcase classname="myTest" name="RemoveAllItems" time="0.502"/>
  <testcase classname="myTest" name="Task2Part2" time="0.276"/>
  <testcase classname="myTest" name="IfStartWith">
    <skipped/>
  </testcase> <!-- IfStartWith -->
  <testcase classname="myTest" name="Stop">
    <skipped/>
  </testcase> <!-- Stop -->
  <testcase classname="myTest" name="LeftElements">
    <skipped/>
  </testcase> <!-- LeftElements -->
  <testcase classname="myTest" name="Task2">
    <skipped/>
  </testcase> <!-- Task2 -->
  <testcase classname="myTest" name="logout">
    <skipped/>
  </testcase> <!-- logout -->
  <testcase classname="myTest" name="Task1">
    <skipped/>
  </testcase> <!-- Task1 -->
</testsuite> <!-- myTest -->
